fetchRCV2...
tokenizeChinese...
tokenizeEnglish...
loadWordVectors:data/wiki.en.align.vec...
2519370 300
featurizing...
The hit rate for words in embedding list is 0.9861289993049477
loadWordVectors:data/wiki.zh.align.vec...
332647 300
featurizing...
The hit rate for words in embedding list is 0.690919277230889
English training vectors for English testing vectors:
LinearSVC:
accuracy = 0.8929292929292929
[[403  24  11  31]
 [ 20 450  20  19]
 [ 18  23 471   1]
 [ 21  23   1 444]]
ExtraTreesClassifier:
accuracy = 0.807070707070707
[[365  41  19  44]
 [ 59 395  25  30]
 [ 28  37 448   0]
 [ 55  36   8 390]]
LogisticRegression:
accuracy = 0.8398989898989899
[[363  30  26  50]
 [ 31 405  38  35]
 [ 19  24 468   2]
 [ 29  30   3 427]]
Chinese training vectors for Chinese testing vectors:
LinearSVC:
accuracy = 0.8747474747474747
[[515  47   7  25]
 [ 41 492  16  17]
 [ 10  24 138   1]
 [ 19  38   3 587]]
ExtraTreesClassifier:
accuracy = 0.8262626262626263
[[504  61  10  19]
 [ 65 455  15  31]
 [ 26  34 113   0]
 [ 22  58   3 564]]
LogisticRegression:
accuracy = 0.851010101010101
[[502  64   5  23]
 [ 48 490   9  19]
 [ 18  39 115   1]
 [ 19  50   0 578]]
English training vectors for Chinese testing vectors:
LinearSVC:
accuracy = 0.4781666666666667
[[ 764   27    1  995]
 [  15  150    1 1635]
 [  20   50  115  380]
 [   6    1    0 1840]]
ExtraTreesClassifier:
accuracy = 0.44966666666666666
[[984 628  77  98]
 [500 964 154 183]
 [328 110  73  54]
 [422 573 175 677]]
LogisticRegression:
accuracy = 0.6221666666666666
[[1095   86   12  594]
 [  46  491   21 1243]
 [  41  102  330   92]
 [  12   18    0 1817]]
Chinese training vectors for English testing vectors:
LinearSVC:
accuracy = 0.6348333333333334
[[1318    0   18  153]
 [ 836   18  188  430]
 [ 156    0 1247  145]
 [ 258    0    7 1226]]
ExtraTreesClassifier:
accuracy = 0.33816666666666667
[[875 368 104 142]
 [717 404 112 239]
 [545 406 516  81]
 [688 523  46 234]]
LogisticRegression:
accuracy = 0.5816666666666667
[[1299    0    3  187]
 [ 817   63   39  553]
 [ 297    0  928  323]
 [ 289    1    1 1200]]
