 # Model Parameters
embedding_dim=300,
filter_sizes=(3, 4, 5),
num_filters=100,
dropout_prob=(0.5, 0.8),
hidden_dims=50,
batch_size=64,
num_epochs=50,
sequence_length=400,
verbose=False,
==========================Main Start:  2019-04-30 16:39:32.411238 ==========================
loadMidOutput...

loadWordVectors:data/wiki.en.align.vec...
100000 300
featurizing...
The hit rate for words in embedding list is 0.9861289993049477

loadWordVectors:data/wiki.zh.align.vec...
332647 300
featurizing...
The hit rate for words in embedding list is 0.690919277230889

EN-EN, LinearSVC:
accuracy = 0.887
              precision    recall  f1-score   support

        CCAT     0.8962    0.8537    0.8744       991
        ECAT     0.8612    0.8560    0.8586      1000
        GCAT     0.9135    0.9437    0.9284      1030
        MCAT     0.8758    0.8927    0.8842       979

   micro avg     0.8870    0.8870    0.8870      4000
   macro avg     0.8867    0.8865    0.8864      4000
weighted avg     0.8869    0.8870    0.8867      4000

Confusion matrix:
 [[846  50  27  68]
 [ 35 856  57  52]
 [ 27  27 972   4]
 [ 36  61   8 874]]

EN-ZH, LinearSVC:
accuracy = 0.4538333333333333
              precision    recall  f1-score   support

        CCAT     0.9444    0.3609    0.5223      1787
        ECAT     0.5943    0.0350    0.0661      1801
        GCAT     0.9505    0.3062    0.4632       565
        MCAT     0.3663    0.9973    0.5358      1847

   micro avg     0.4538    0.4538    0.4538      6000
   macro avg     0.7139    0.4249    0.3968      6000
weighted avg     0.6619    0.4538    0.3839      6000

Confusion matrix:
 [[ 645   16    3 1123]
 [  15   63    6 1717]
 [  19   26  173  347]
 [   4    1    0 1842]]

ZH-ZH, LinearSVC:
accuracy = 0.8635
              precision    recall  f1-score   support

        CCAT     0.8612    0.8383    0.8496      1169
        ECAT     0.8111    0.8519    0.8310      1215
        GCAT     0.8468    0.8072    0.8265       363
        MCAT     0.9242    0.9146    0.9194      1253

   micro avg     0.8635    0.8635    0.8635      4000
   macro avg     0.8608    0.8530    0.8566      4000
weighted avg     0.8644    0.8635    0.8637      4000

Confusion matrix:
 [[ 980  123   17   49]
 [ 105 1035   31   44]
 [  24   45  293    1]
 [  29   73    5 1146]]

ZH-EN, LinearSVC:
accuracy = 0.5863333333333334
              precision    recall  f1-score   support

        CCAT     0.4347    0.9429    0.5950      1489
        ECAT     0.9545    0.0143    0.0281      1472
        GCAT     0.9490    0.6848    0.7955      1548
        MCAT     0.6334    0.6928    0.6618      1491

   micro avg     0.5863    0.5863    0.5863      6000
   macro avg     0.7429    0.5837    0.5201      6000
weighted avg     0.7443    0.5863    0.5243      6000

Confusion matrix:
 [[1404    0    3   82]
 [1066   21   52  333]
 [ 304    1 1060  183]
 [ 456    0    2 1033]]

CreateEmbeddingMatrix...data/wiki.en.align.vec
load word vectors number:  2519370
Words found in embedding: 10183/10233=0.9951
X_train static shape:  (1000, 400, 300)
X_test static shape:  (4000, 400, 300)
X_val static shape:  (1000, 400, 300)

CreateEmbeddingMatrix...data/wiki.zh.align.vec
load word vectors number:  332647
Words found in embedding: 5076/9477=0.5356
X_train static shape:  (1000, 400, 300)
X_test static shape:  (4000, 400, 300)
X_val static shape:  (1000, 400, 300)

Training/Testing Pair: EN-EN

Building CNN-static model...
__________________________________________________________________________________________________
Layer (type)                    Output Shape         Param #     Connected to                     
==================================================================================================
input_1 (InputLayer)            (None, 400, 300)     0                                            
__________________________________________________________________________________________________
Conv1D_100_3 (Conv1D)           (None, 398, 100)     90100       input_1[0][0]                    
__________________________________________________________________________________________________
Conv1D_100_4 (Conv1D)           (None, 397, 100)     120100      input_1[0][0]                    
__________________________________________________________________________________________________
Conv1D_100_5 (Conv1D)           (None, 396, 100)     150100      input_1[0][0]                    
__________________________________________________________________________________________________
MaxPoolingOverTime_100_3 (Globa (None, 100)          0           Conv1D_100_3[0][0]               
__________________________________________________________________________________________________
MaxPoolingOverTime_100_4 (Globa (None, 100)          0           Conv1D_100_4[0][0]               
__________________________________________________________________________________________________
MaxPoolingOverTime_100_5 (Globa (None, 100)          0           Conv1D_100_5[0][0]               
__________________________________________________________________________________________________
concatenate_1 (Concatenate)     (None, 300)          0           MaxPoolingOverTime_100_3[0][0]   
                                                                 MaxPoolingOverTime_100_4[0][0]   
                                                                 MaxPoolingOverTime_100_5[0][0]   
__________________________________________________________________________________________________
dense_1 (Dense)                 (None, 50)           15050       concatenate_1[0][0]              
__________________________________________________________________________________________________
alpha_dropout_1 (AlphaDropout)  (None, 50)           0           dense_1[0][0]                    
__________________________________________________________________________________________________
dense_2 (Dense)                 (None, 4)            204         alpha_dropout_1[0][0]            
==================================================================================================
Total params: 375,554
Trainable params: 375,554
Non-trainable params: 0
__________________________________________________________________________________________________
Training accuracy: 
[0.7185, 0.745, 0.769, 0.8023, 0.8473, 0.877, 0.9195, 0.9515, 0.9582, 0.971, 0.983, 0.9858, 0.9883, 0.9948, 0.9945, 0.9947, 0.9965, 0.9988, 0.9978, 0.999, 0.9965, 0.9992, 0.9992, 0.9995, 0.9985, 0.9995, 0.9975, 0.9995, 0.9995, 1.0, 0.9992, 0.9995, 0.9998, 0.9995, 0.9995, 1.0, 1.0, 0.9988, 0.9992, 0.9995, 0.9992, 0.9995, 1.0, 1.0, 0.9995, 0.999, 0.9995, 0.9995, 1.0, 0.9995]
Testing accuracy: 0.89625
              precision    recall  f1-score   support

        CCAT     0.9017    0.8607    0.8807       991
        ECAT     0.8625    0.8910    0.8765      1000
        GCAT     0.9308    0.9398    0.9353      1030
        MCAT     0.8899    0.8917    0.8908       979

   micro avg     0.8962    0.8962    0.8962      4000
   macro avg     0.8962    0.8958    0.8958      4000
weighted avg     0.8965    0.8962    0.8962      4000

Confusion matrix:
 [[853  48  26  64]
 [ 34 891  38  37]
 [ 23  32 968   7]
 [ 36  62   8 873]]

Training/Testing Pair: EN-ZH

Building CNN-static model...
__________________________________________________________________________________________________
Layer (type)                    Output Shape         Param #     Connected to                     
==================================================================================================
input_2 (InputLayer)            (None, 400, 300)     0                                            
__________________________________________________________________________________________________
Conv1D_100_3 (Conv1D)           (None, 398, 100)     90100       input_2[0][0]                    
__________________________________________________________________________________________________
Conv1D_100_4 (Conv1D)           (None, 397, 100)     120100      input_2[0][0]                    
__________________________________________________________________________________________________
Conv1D_100_5 (Conv1D)           (None, 396, 100)     150100      input_2[0][0]                    
__________________________________________________________________________________________________
MaxPoolingOverTime_100_3 (Globa (None, 100)          0           Conv1D_100_3[0][0]               
__________________________________________________________________________________________________
MaxPoolingOverTime_100_4 (Globa (None, 100)          0           Conv1D_100_4[0][0]               
__________________________________________________________________________________________________
MaxPoolingOverTime_100_5 (Globa (None, 100)          0           Conv1D_100_5[0][0]               
__________________________________________________________________________________________________
concatenate_2 (Concatenate)     (None, 300)          0           MaxPoolingOverTime_100_3[0][0]   
                                                                 MaxPoolingOverTime_100_4[0][0]   
                                                                 MaxPoolingOverTime_100_5[0][0]   
__________________________________________________________________________________________________
dense_3 (Dense)                 (None, 50)           15050       concatenate_2[0][0]              
__________________________________________________________________________________________________
alpha_dropout_2 (AlphaDropout)  (None, 50)           0           dense_3[0][0]                    
__________________________________________________________________________________________________
dense_4 (Dense)                 (None, 4)            204         alpha_dropout_2[0][0]            
==================================================================================================
Total params: 375,554
Trainable params: 375,554
Non-trainable params: 0
__________________________________________________________________________________________________
Training accuracy: 
[0.701, 0.7465, 0.7717, 0.8013, 0.8465, 0.885, 0.919, 0.9447, 0.9603, 0.964, 0.9805, 0.9868, 0.99, 0.9905, 0.9948, 0.995, 0.998, 0.9972, 0.9975, 0.995, 0.9985, 0.998, 0.9972, 0.9992, 0.9982, 0.9992, 0.9988, 0.9985, 0.9998, 0.9997, 0.9975, 0.9995, 0.999, 0.9985, 1.0, 0.9995, 0.9992, 0.999, 0.9993, 1.0, 0.9998, 0.9992, 1.0, 0.9995, 1.0, 1.0, 1.0, 0.9992, 1.0, 1.0]
Testing accuracy: 0.7455
              precision    recall  f1-score   support

        CCAT     0.8764    0.6912    0.7728      1169
        ECAT     0.6818    0.7177    0.6993      1215
        GCAT     0.9557    0.4160    0.5797       363
        MCAT     0.7014    0.9186    0.7954      1253

   micro avg     0.7455    0.7455    0.7455      4000
   macro avg     0.8038    0.6859    0.7118      4000
weighted avg     0.7696    0.7455    0.7400      4000

Confusion matrix:
 [[ 808  159    4  198]
 [  56  872    3  284]
 [  35  169  151    8]
 [  23   79    0 1151]]

Training/Testing Pair: ZH-ZH

Building CNN-static model...
__________________________________________________________________________________________________
Layer (type)                    Output Shape         Param #     Connected to                     
==================================================================================================
input_3 (InputLayer)            (None, 400, 300)     0                                            
__________________________________________________________________________________________________
Conv1D_100_3 (Conv1D)           (None, 398, 100)     90100       input_3[0][0]                    
__________________________________________________________________________________________________
Conv1D_100_4 (Conv1D)           (None, 397, 100)     120100      input_3[0][0]                    
__________________________________________________________________________________________________
Conv1D_100_5 (Conv1D)           (None, 396, 100)     150100      input_3[0][0]                    
__________________________________________________________________________________________________
MaxPoolingOverTime_100_3 (Globa (None, 100)          0           Conv1D_100_3[0][0]               
__________________________________________________________________________________________________
MaxPoolingOverTime_100_4 (Globa (None, 100)          0           Conv1D_100_4[0][0]               
__________________________________________________________________________________________________
MaxPoolingOverTime_100_5 (Globa (None, 100)          0           Conv1D_100_5[0][0]               
__________________________________________________________________________________________________
concatenate_3 (Concatenate)     (None, 300)          0           MaxPoolingOverTime_100_3[0][0]   
                                                                 MaxPoolingOverTime_100_4[0][0]   
                                                                 MaxPoolingOverTime_100_5[0][0]   
__________________________________________________________________________________________________
dense_5 (Dense)                 (None, 50)           15050       concatenate_3[0][0]              
__________________________________________________________________________________________________
alpha_dropout_3 (AlphaDropout)  (None, 50)           0           dense_5[0][0]                    
__________________________________________________________________________________________________
dense_6 (Dense)                 (None, 4)            204         alpha_dropout_3[0][0]            
==================================================================================================
Total params: 375,554
Trainable params: 375,554
Non-trainable params: 0
__________________________________________________________________________________________________
Training accuracy: 
[0.7013, 0.7517, 0.7935, 0.841, 0.8743, 0.8958, 0.915, 0.936, 0.9448, 0.954, 0.9597, 0.9625, 0.9765, 0.9813, 0.9822, 0.988, 0.9823, 0.9892, 0.992, 0.9937, 0.9978, 0.9945, 0.9958, 0.9968, 0.998, 0.998, 0.9982, 0.9982, 0.9982, 0.9985, 0.9988, 0.9983, 0.9992, 0.9995, 0.9992, 0.999, 0.999, 0.9992, 0.9995, 1.0, 1.0, 0.998, 0.9985, 0.9995, 0.9995, 0.9995, 1.0, 0.9995, 1.0, 0.9995]
Testing accuracy: 0.86875
              precision    recall  f1-score   support

        CCAT     0.8913    0.8204    0.8543      1169
        ECAT     0.8236    0.8683    0.8454      1215
        GCAT     0.8249    0.8044    0.8145       363
        MCAT     0.9069    0.9330    0.9197      1253

   micro avg     0.8688    0.8688    0.8688      4000
   macro avg     0.8617    0.8565    0.8585      4000
weighted avg     0.8696    0.8688    0.8685      4000

Confusion matrix:
 [[ 959  114   35   61]
 [  76 1055   27   57]
 [  21   48  292    2]
 [  20   64    0 1169]]

Training/Testing Pair: ZH-EN

Building CNN-static model...
__________________________________________________________________________________________________
Layer (type)                    Output Shape         Param #     Connected to                     
==================================================================================================
input_4 (InputLayer)            (None, 400, 300)     0                                            
__________________________________________________________________________________________________
Conv1D_100_3 (Conv1D)           (None, 398, 100)     90100       input_4[0][0]                    
__________________________________________________________________________________________________
Conv1D_100_4 (Conv1D)           (None, 397, 100)     120100      input_4[0][0]                    
__________________________________________________________________________________________________
Conv1D_100_5 (Conv1D)           (None, 396, 100)     150100      input_4[0][0]                    
__________________________________________________________________________________________________
MaxPoolingOverTime_100_3 (Globa (None, 100)          0           Conv1D_100_3[0][0]               
__________________________________________________________________________________________________
MaxPoolingOverTime_100_4 (Globa (None, 100)          0           Conv1D_100_4[0][0]               
__________________________________________________________________________________________________
MaxPoolingOverTime_100_5 (Globa (None, 100)          0           Conv1D_100_5[0][0]               
__________________________________________________________________________________________________
concatenate_4 (Concatenate)     (None, 300)          0           MaxPoolingOverTime_100_3[0][0]   
                                                                 MaxPoolingOverTime_100_4[0][0]   
                                                                 MaxPoolingOverTime_100_5[0][0]   
__________________________________________________________________________________________________
dense_7 (Dense)                 (None, 50)           15050       concatenate_4[0][0]              
__________________________________________________________________________________________________
alpha_dropout_4 (AlphaDropout)  (None, 50)           0           dense_7[0][0]                    
__________________________________________________________________________________________________
dense_8 (Dense)                 (None, 4)            204         alpha_dropout_4[0][0]            
==================================================================================================
Total params: 375,554
Trainable params: 375,554
Non-trainable params: 0
__________________________________________________________________________________________________
Training accuracy: 
[0.7012, 0.7408, 0.7975, 0.8433, 0.8677, 0.8965, 0.9187, 0.9337, 0.9455, 0.9505, 0.9662, 0.9703, 0.9793, 0.978, 0.9793, 0.985, 0.9928, 0.9893, 0.9935, 0.993, 0.9928, 0.9965, 0.997, 0.9975, 0.9958, 0.9955, 0.9985, 0.9988, 0.997, 0.998, 0.9975, 0.9968, 0.9985, 1.0, 0.9995, 0.9992, 0.9968, 0.9992, 0.999, 0.9992, 0.9998, 0.999, 1.0, 1.0, 0.999, 0.9988, 0.9995, 0.999, 0.9998, 1.0]
Testing accuracy: 0.5735
              precision    recall  f1-score   support

        CCAT     0.6494    0.8113    0.7214       991
        ECAT     0.6736    0.7140    0.6932      1000
        GCAT     1.0000    0.0262    0.0511      1030
        MCAT     0.4472    0.7651    0.5644       979

   micro avg     0.5735    0.5735    0.5735      4000
   macro avg     0.6925    0.5791    0.5075      4000
weighted avg     0.6962    0.5735    0.5033      4000

Confusion matrix:
 [[804  74   0 113]
 [184 714   0 102]
 [118 174  27 711]
 [132  98   0 749]]

Training/Testing Pair: EN-EN

Building CNN-non-static model...
__________________________________________________________________________________________________
Layer (type)                    Output Shape         Param #     Connected to                     
==================================================================================================
input_5 (InputLayer)            (None, 400)          0                                            
__________________________________________________________________________________________________
embedding_1 (Embedding)         (None, 400, 300)     3070200     input_5[0][0]                    
__________________________________________________________________________________________________
Conv1D_100_3 (Conv1D)           (None, 398, 100)     90100       embedding_1[0][0]                
__________________________________________________________________________________________________
Conv1D_100_4 (Conv1D)           (None, 397, 100)     120100      embedding_1[0][0]                
__________________________________________________________________________________________________
Conv1D_100_5 (Conv1D)           (None, 396, 100)     150100      embedding_1[0][0]                
__________________________________________________________________________________________________
MaxPoolingOverTime_100_3 (Globa (None, 100)          0           Conv1D_100_3[0][0]               
__________________________________________________________________________________________________
MaxPoolingOverTime_100_4 (Globa (None, 100)          0           Conv1D_100_4[0][0]               
__________________________________________________________________________________________________
MaxPoolingOverTime_100_5 (Globa (None, 100)          0           Conv1D_100_5[0][0]               
__________________________________________________________________________________________________
concatenate_5 (Concatenate)     (None, 300)          0           MaxPoolingOverTime_100_3[0][0]   
                                                                 MaxPoolingOverTime_100_4[0][0]   
                                                                 MaxPoolingOverTime_100_5[0][0]   
__________________________________________________________________________________________________
dense_9 (Dense)                 (None, 50)           15050       concatenate_5[0][0]              
__________________________________________________________________________________________________
alpha_dropout_5 (AlphaDropout)  (None, 50)           0           dense_9[0][0]                    
__________________________________________________________________________________________________
dense_10 (Dense)                (None, 4)            204         alpha_dropout_5[0][0]            
==================================================================================================
Total params: 3,445,754
Trainable params: 3,445,754
Non-trainable params: 0
__________________________________________________________________________________________________
Training accuracy: 
[0.707, 0.7532, 0.799, 0.855, 0.9177, 0.9533, 0.9858, 0.9902, 0.9958, 0.9985, 0.9992, 0.9982, 0.9985, 0.999, 0.9995, 0.9982, 0.9995, 0.9998, 0.9995, 1.0, 0.9995, 1.0, 0.9998, 0.9998, 0.9998, 0.9995, 0.9995, 1.0, 0.9998, 0.9998, 0.9992, 0.998, 1.0, 1.0, 1.0, 0.999, 1.0, 1.0, 0.9998, 0.9995, 0.9995, 1.0, 0.9998, 0.9998, 0.9995, 1.0, 1.0, 1.0, 1.0, 0.999]
Testing accuracy: 0.905
              precision    recall  f1-score   support

        CCAT     0.9136    0.8638    0.8880       991
        ECAT     0.8700    0.9100    0.8895      1000
        GCAT     0.9524    0.9320    0.9421      1030
        MCAT     0.8860    0.9132    0.8994       979

   micro avg     0.9050    0.9050    0.9050      4000
   macro avg     0.9055    0.9047    0.9048      4000
weighted avg     0.9059    0.9050    0.9051      4000

Confusion matrix:
 [[856  43  20  72]
 [ 33 910  22  35]
 [ 22  40 960   8]
 [ 26  53   6 894]]

Training/Testing Pair: EN-ZH

Building CNN-non-static model...
__________________________________________________________________________________________________
Layer (type)                    Output Shape         Param #     Connected to                     
==================================================================================================
input_6 (InputLayer)            (None, 400)          0                                            
__________________________________________________________________________________________________
embedding_2 (Embedding)         (None, 400, 300)     5913600     input_6[0][0]                    
__________________________________________________________________________________________________
Conv1D_100_3 (Conv1D)           (None, 398, 100)     90100       embedding_2[0][0]                
__________________________________________________________________________________________________
Conv1D_100_4 (Conv1D)           (None, 397, 100)     120100      embedding_2[0][0]                
__________________________________________________________________________________________________
Conv1D_100_5 (Conv1D)           (None, 396, 100)     150100      embedding_2[0][0]                
__________________________________________________________________________________________________
MaxPoolingOverTime_100_3 (Globa (None, 100)          0           Conv1D_100_3[0][0]               
__________________________________________________________________________________________________
MaxPoolingOverTime_100_4 (Globa (None, 100)          0           Conv1D_100_4[0][0]               
__________________________________________________________________________________________________
MaxPoolingOverTime_100_5 (Globa (None, 100)          0           Conv1D_100_5[0][0]               
__________________________________________________________________________________________________
concatenate_6 (Concatenate)     (None, 300)          0           MaxPoolingOverTime_100_3[0][0]   
                                                                 MaxPoolingOverTime_100_4[0][0]   
                                                                 MaxPoolingOverTime_100_5[0][0]   
__________________________________________________________________________________________________
dense_11 (Dense)                (None, 50)           15050       concatenate_6[0][0]              
__________________________________________________________________________________________________
alpha_dropout_6 (AlphaDropout)  (None, 50)           0           dense_11[0][0]                   
__________________________________________________________________________________________________
dense_12 (Dense)                (None, 4)            204         alpha_dropout_6[0][0]            
==================================================================================================
Total params: 6,289,154
Trainable params: 6,289,154
Non-trainable params: 0
__________________________________________________________________________________________________
Training accuracy: 
[0.7088, 0.757, 0.8022, 0.8592, 0.926, 0.9663, 0.9858, 0.994, 0.9978, 0.9968, 0.999, 0.998, 0.9985, 0.999, 0.9985, 0.9982, 0.9995, 1.0, 0.9995, 0.9997, 1.0, 0.9995, 0.999, 1.0, 1.0, 0.9995, 1.0, 0.9995, 0.9995, 0.9998, 1.0, 0.9995, 0.9995, 0.9998, 1.0, 1.0, 0.9998, 1.0, 1.0, 1.0, 1.0, 1.0, 1.0, 1.0, 1.0, 1.0, 0.9995, 1.0, 0.9998, 1.0]
Testing accuracy: 0.67675
              precision    recall  f1-score   support

        CCAT     0.8354    0.6946    0.7585      1169
        ECAT     0.6363    0.4881    0.5524      1215
        GCAT     0.9286    0.4656    0.6202       363
        MCAT     0.5920    0.9042    0.7155      1253

   micro avg     0.6767    0.6767    0.6767      4000
   macro avg     0.7480    0.6381    0.6617      4000
weighted avg     0.7071    0.6767    0.6699      4000

Confusion matrix:
 [[ 812  110    6  241]
 [  86  593    7  529]
 [  47  136  169   11]
 [  27   93    0 1133]]

Training/Testing Pair: ZH-ZH

Building CNN-non-static model...
__________________________________________________________________________________________________
Layer (type)                    Output Shape         Param #     Connected to                     
==================================================================================================
input_7 (InputLayer)            (None, 400)          0                                            
__________________________________________________________________________________________________
embedding_3 (Embedding)         (None, 400, 300)     2843400     input_7[0][0]                    
__________________________________________________________________________________________________
Conv1D_100_3 (Conv1D)           (None, 398, 100)     90100       embedding_3[0][0]                
__________________________________________________________________________________________________
Conv1D_100_4 (Conv1D)           (None, 397, 100)     120100      embedding_3[0][0]                
__________________________________________________________________________________________________
Conv1D_100_5 (Conv1D)           (None, 396, 100)     150100      embedding_3[0][0]                
__________________________________________________________________________________________________
MaxPoolingOverTime_100_3 (Globa (None, 100)          0           Conv1D_100_3[0][0]               
__________________________________________________________________________________________________
MaxPoolingOverTime_100_4 (Globa (None, 100)          0           Conv1D_100_4[0][0]               
__________________________________________________________________________________________________
MaxPoolingOverTime_100_5 (Globa (None, 100)          0           Conv1D_100_5[0][0]               
__________________________________________________________________________________________________
concatenate_7 (Concatenate)     (None, 300)          0           MaxPoolingOverTime_100_3[0][0]   
                                                                 MaxPoolingOverTime_100_4[0][0]   
                                                                 MaxPoolingOverTime_100_5[0][0]   
__________________________________________________________________________________________________
dense_13 (Dense)                (None, 50)           15050       concatenate_7[0][0]              
__________________________________________________________________________________________________
alpha_dropout_7 (AlphaDropout)  (None, 50)           0           dense_13[0][0]                   
__________________________________________________________________________________________________
dense_14 (Dense)                (None, 4)            204         alpha_dropout_7[0][0]            
==================================================================================================
Total params: 3,218,954
Trainable params: 3,218,954
Non-trainable params: 0
__________________________________________________________________________________________________
Training accuracy: 
[0.7112, 0.7557, 0.8353, 0.9043, 0.9547, 0.9817, 0.9858, 0.9948, 0.9953, 0.9975, 0.9992, 0.999, 1.0, 1.0, 1.0, 0.999, 0.9998, 1.0, 1.0, 0.9998, 1.0, 1.0, 0.9995, 1.0, 0.9998, 1.0, 1.0, 1.0, 1.0, 1.0, 1.0, 1.0, 1.0, 1.0, 1.0, 0.9995, 1.0, 1.0, 1.0, 1.0, 1.0, 1.0, 1.0, 1.0, 1.0, 1.0, 0.9995, 1.0, 1.0, 1.0]
Testing accuracy: 0.8735
              precision    recall  f1-score   support

        CCAT     0.8818    0.8426    0.8618      1169
        ECAT     0.8195    0.8971    0.8566      1215
        GCAT     0.8113    0.7107    0.7577       363
        MCAT     0.9401    0.9266    0.9333      1253

   micro avg     0.8735    0.8735    0.8735      4000
   macro avg     0.8632    0.8443    0.8523      4000
weighted avg     0.8748    0.8735    0.8732      4000

Confusion matrix:
 [[ 985  109   37   38]
 [  73 1090   20   32]
 [  37   64  258    4]
 [  22   67    3 1161]]

Training/Testing Pair: ZH-EN

Building CNN-non-static model...
__________________________________________________________________________________________________
Layer (type)                    Output Shape         Param #     Connected to                     
==================================================================================================
input_8 (InputLayer)            (None, 400)          0                                            
__________________________________________________________________________________________________
embedding_4 (Embedding)         (None, 400, 300)     5913600     input_8[0][0]                    
__________________________________________________________________________________________________
Conv1D_100_3 (Conv1D)           (None, 398, 100)     90100       embedding_4[0][0]                
__________________________________________________________________________________________________
Conv1D_100_4 (Conv1D)           (None, 397, 100)     120100      embedding_4[0][0]                
__________________________________________________________________________________________________
Conv1D_100_5 (Conv1D)           (None, 396, 100)     150100      embedding_4[0][0]                
__________________________________________________________________________________________________
MaxPoolingOverTime_100_3 (Globa (None, 100)          0           Conv1D_100_3[0][0]               
__________________________________________________________________________________________________
MaxPoolingOverTime_100_4 (Globa (None, 100)          0           Conv1D_100_4[0][0]               
__________________________________________________________________________________________________
MaxPoolingOverTime_100_5 (Globa (None, 100)          0           Conv1D_100_5[0][0]               
__________________________________________________________________________________________________
concatenate_8 (Concatenate)     (None, 300)          0           MaxPoolingOverTime_100_3[0][0]   
                                                                 MaxPoolingOverTime_100_4[0][0]   
                                                                 MaxPoolingOverTime_100_5[0][0]   
__________________________________________________________________________________________________
dense_15 (Dense)                (None, 50)           15050       concatenate_8[0][0]              
__________________________________________________________________________________________________
alpha_dropout_8 (AlphaDropout)  (None, 50)           0           dense_15[0][0]                   
__________________________________________________________________________________________________
dense_16 (Dense)                (None, 4)            204         alpha_dropout_8[0][0]            
==================================================================================================
Total params: 6,289,154
Trainable params: 6,289,154
Non-trainable params: 0
__________________________________________________________________________________________________
Training accuracy: 
[0.7118, 0.7727, 0.8502, 0.9145, 0.9555, 0.9795, 0.9872, 0.9922, 0.9945, 0.997, 0.9998, 0.9992, 0.9998, 0.9992, 0.9992, 1.0, 1.0, 0.9995, 1.0, 1.0, 0.9998, 1.0, 1.0, 1.0, 1.0, 1.0, 1.0, 1.0, 1.0, 1.0, 1.0, 1.0, 1.0, 0.9995, 1.0, 1.0, 1.0, 1.0, 0.9995, 1.0, 1.0, 1.0, 1.0, 1.0, 1.0, 1.0, 1.0, 1.0, 0.9995, 1.0]
Testing accuracy: 0.5985
              precision    recall  f1-score   support

        CCAT     0.4986    0.9011    0.6420       991
        ECAT     0.6912    0.6200    0.6537      1000
        GCAT     0.9570    0.3243    0.4844      1030
        MCAT     0.5680    0.5587    0.5633       979

   micro avg     0.5985    0.5985    0.5985      4000
   macro avg     0.6787    0.6010    0.5858      4000
weighted avg     0.6818    0.5985    0.5851      4000

Confusion matrix:
 [[893  50   6  42]
 [318 620   7  55]
 [214 163 334 319]
 [366  64   2 547]]

Confusion matrix summary:  [array([[846,  50,  27,  68],
       [ 35, 856,  57,  52],
       [ 27,  27, 972,   4],
       [ 36,  61,   8, 874]]), array([[ 645,   16,    3, 1123],
       [  15,   63,    6, 1717],
       [  19,   26,  173,  347],
       [   4,    1,    0, 1842]]), array([[ 980,  123,   17,   49],
       [ 105, 1035,   31,   44],
       [  24,   45,  293,    1],
       [  29,   73,    5, 1146]]), array([[1404,    0,    3,   82],
       [1066,   21,   52,  333],
       [ 304,    1, 1060,  183],
       [ 456,    0,    2, 1033]]), array([[853,  48,  26,  64],
       [ 34, 891,  38,  37],
       [ 23,  32, 968,   7],
       [ 36,  62,   8, 873]]), array([[ 808,  159,    4,  198],
       [  56,  872,    3,  284],
       [  35,  169,  151,    8],
       [  23,   79,    0, 1151]]), array([[ 959,  114,   35,   61],
       [  76, 1055,   27,   57],
       [  21,   48,  292,    2],
       [  20,   64,    0, 1169]]), array([[804,  74,   0, 113],
       [184, 714,   0, 102],
       [118, 174,  27, 711],
       [132,  98,   0, 749]]), array([[856,  43,  20,  72],
       [ 33, 910,  22,  35],
       [ 22,  40, 960,   8],
       [ 26,  53,   6, 894]]), array([[ 812,  110,    6,  241],
       [  86,  593,    7,  529],
       [  47,  136,  169,   11],
       [  27,   93,    0, 1133]]), array([[ 985,  109,   37,   38],
       [  73, 1090,   20,   32],
       [  37,   64,  258,    4],
       [  22,   67,    3, 1161]]), array([[893,  50,   6,  42],
       [318, 620,   7,  55],
       [214, 163, 334, 319],
       [366,  64,   2, 547]])]

Accuracy summary: 
0.887 0.4538333333333333 0.8635 0.5863333333333334
0.89625 0.7455 0.86875 0.5735
0.905 0.67675 0.8735 0.5985

F1s summary: 
0.8866596950706293 0.7138819446638357 0.8608257034956626 0.7428861511047564
0.8865300426149576 0.4248520717865767 0.852985671926257 0.5836897856214598
0.887 0.4538333333333333 0.8635 0.5863333333333334
0.896226280401692 0.8038090444985263 0.861650651636567 0.69254591416375
0.8958196992509726 0.6858644640658402 0.8565101614980357 0.5791454254879594
0.8962499999999999 0.7455000000000002 0.86875 0.5735
0.9054853738550406 0.7480456231206483 0.8631942297646735 0.6787084172320117
0.9047473778930493 0.6381178021801126 0.8442599683887213 0.6010288089998519
0.905 0.67675 0.8735 0.5985
==========================Main Takes(s):  5243.628409 ==========================
