loadMidOutput...
CreateEmbeddingMatrix...data/wiki.en.align.vec
loading file size:  100000
X_train static shape:  (1000, 400, 50)
X_test static shape:  (4000, 400, 50)
X_val static shape:  (1000, 400, 50)
CreateEmbeddingMatrix...data/wiki.zh.align.vec
loading file size:  100000
X_train static shape:  (1000, 400, 50)
X_test static shape:  (4000, 400, 50)
X_val static shape:  (1000, 400, 50)
Building CNN-static model...
Calculating EN-EN accuracy (CNN-static):
Training accuracy: 
[0.697, 0.7508, 0.7548, 0.759, 0.7628, 0.7717, 0.7798, 0.7825, 0.7905, 0.7958, 0.7948, 0.7958, 0.7993, 0.806, 0.8095, 0.8202, 0.8153, 0.8285, 0.8243, 0.8252]
Validation accuracy: 
[0.75, 0.7522, 0.7555, 0.758, 0.7593, 0.7638, 0.772, 0.7792, 0.783, 0.7847, 0.7865, 0.7877, 0.793, 0.797, 0.808, 0.8173, 0.819, 0.8235, 0.8302, 0.8252]
Testing accuracy:  0.8386875
Confusion matrix:
[[288 546  42 115]
 [  9 960  20  11]
 [ 16 152 839  23]
 [ 45 340   7 587]]
Calculating EN-ZH accuracy (CNN-static):
Training accuracy: 
[0.829, 0.8377, 0.837, 0.8325, 0.8455, 0.8502, 0.8408, 0.8415, 0.8577, 0.8508, 0.849, 0.8595, 0.8562, 0.8583, 0.856, 0.8575, 0.8618, 0.8713, 0.8702, 0.8625]
Validation accuracy: 
[0.8343, 0.842, 0.8385, 0.8328, 0.8457, 0.835, 0.8422, 0.843, 0.8465, 0.857, 0.8465, 0.859, 0.8573, 0.8533, 0.873, 0.8652, 0.853, 0.8798, 0.868, 0.8658]
Testing accuracy:  0.6970625
Confusion matrix:
[[  65   46    3 1055]
 [   2   79    1 1133]
 [   1  101   41  220]
 [   0   27    0 1226]]
Calculating ZH-ZH accuracy (CNN-static):
Training accuracy: 
[0.7672, 0.8047, 0.8117, 0.8205, 0.8282, 0.8272, 0.8332, 0.8407, 0.8323, 0.845, 0.8535, 0.852, 0.862, 0.8615, 0.856, 0.8665, 0.866, 0.859, 0.8725, 0.8693]
Validation accuracy: 
[0.8345, 0.8082, 0.8522, 0.8437, 0.8652, 0.8655, 0.868, 0.8738, 0.8762, 0.8792, 0.8757, 0.8837, 0.882, 0.8877, 0.8832, 0.8903, 0.8965, 0.8875, 0.8938, 0.9012]
Testing accuracy:  0.9028125
Confusion matrix:
[[ 908  179   28   54]
 [  99  973   32  111]
 [  31  100  226    6]
 [  36  105    4 1108]]
Calculating ZH-EN accuracy (CNN-static):
Training accuracy: 
[0.8637, 0.877, 0.8663, 0.8702, 0.8865, 0.8707, 0.8718, 0.8787, 0.8725, 0.8772, 0.8852, 0.878, 0.883, 0.8793, 0.8805, 0.887, 0.8788, 0.8835, 0.8858, 0.8795]
Validation accuracy: 
[0.8893, 0.8957, 0.905, 0.8965, 0.8997, 0.9075, 0.8858, 0.9055, 0.899, 0.9032, 0.9028, 0.9005, 0.9088, 0.9048, 0.904, 0.9028, 0.9112, 0.9048, 0.9013, 0.9072]
Testing accuracy:  0.781
Confusion matrix:
[[231 502  29 229]
 [ 10 913  10  67]
 [  3 298 324 405]
 [  8 270   0 701]]
Building CNN-non-static model...
Calculating EN-EN accuracy (CNN-non-static):
Training accuracy: 
[0.7258, 0.75, 0.7533, 0.7582, 0.7635, 0.7747, 0.7895, 0.8143, 0.835, 0.8435, 0.8755, 0.8953, 0.9213, 0.938, 0.951, 0.953, 0.9692, 0.9735, 0.9805, 0.9833]
Validation accuracy: 
[0.75, 0.75, 0.7555, 0.7592, 0.765, 0.7732, 0.7855, 0.8022, 0.809, 0.8195, 0.855, 0.868, 0.8895, 0.8945, 0.912, 0.9197, 0.9255, 0.9282, 0.9315, 0.932]
Testing accuracy:  0.93275
Confusion matrix:
[[773 105  35  78]
 [ 28 910  30  32]
 [ 69  39 922   0]
 [ 35  75   1 868]]
Building CNN-non-static model...
Calculating EN-ZH accuracy (CNN-non-static):
Training accuracy: 
[0.7325, 0.7515, 0.7528, 0.758, 0.7633, 0.773, 0.7903, 0.8203, 0.8305, 0.852, 0.8695, 0.8875, 0.9045, 0.917, 0.9337, 0.9427, 0.9535, 0.9673, 0.9715, 0.9735]
Validation accuracy: 
[0.75, 0.7495, 0.7535, 0.7573, 0.7685, 0.7767, 0.797, 0.8125, 0.8232, 0.8348, 0.8533, 0.8635, 0.8707, 0.8827, 0.8908, 0.9007, 0.9077, 0.9163, 0.9185, 0.9225]
Testing accuracy:  0.7281875
Confusion matrix:
[[ 295   42   10  822]
 [ 103   25    5 1082]
 [ 178   41   38  106]
 [  22   13    0 1218]]
Building CNN-non-static model...
Calculating ZH-ZH accuracy (CNN-non-static):
Training accuracy: 
[0.683, 0.7518, 0.754, 0.7595, 0.7647, 0.7995, 0.834, 0.864, 0.8873, 0.911, 0.9267, 0.9355, 0.9535, 0.9542, 0.968, 0.9715, 0.9725, 0.981, 0.9825, 0.9838]
Validation accuracy: 
[0.75, 0.7598, 0.759, 0.7633, 0.7817, 0.8247, 0.8515, 0.8777, 0.8953, 0.9087, 0.9005, 0.916, 0.913, 0.9195, 0.9235, 0.9238, 0.925, 0.9267, 0.9277, 0.9273]
Testing accuracy:  0.9325625
Confusion matrix:
[[1007  106   44   12]
 [  89 1094   11   21]
 [  55   95  207    6]
 [  19   75   14 1145]]
Building CNN-non-static model...
Calculating ZH-EN accuracy (CNN-non-static):
Training accuracy: 
[0.703, 0.75, 0.753, 0.7568, 0.7612, 0.774, 0.8162, 0.8458, 0.8725, 0.9012, 0.9287, 0.9342, 0.9517, 0.9598, 0.9672, 0.9727, 0.9715, 0.9813, 0.9867, 0.9845]
Validation accuracy: 
[0.75, 0.75, 0.7613, 0.7617, 0.77, 0.7957, 0.8355, 0.8383, 0.866, 0.8863, 0.8993, 0.9005, 0.9097, 0.914, 0.9153, 0.9233, 0.9227, 0.9263, 0.9227, 0.925]
Testing accuracy:  0.63075
Confusion matrix:
[[  5 900   9  77]
 [  0 899   3  98]
 [  0 513   3 514]
 [  0 585   1 393]]
