==========================Main Start:  2019-04-27 20:11:44.326045 ==========================
loadMidOutput...

loadWordVectors:data/wiki.en.align.vec...
2519370 300
featurizing...
The hit rate for words in embedding list is 0.9861289993049477

loadWordVectors:data/wiki.zh.align.vec...
332647 300
featurizing...
The hit rate for words in embedding list is 0.690919277230889

EN-EN, LinearSVC:
accuracy = 0.887
              precision    recall  f1-score   support

        CCAT       0.90      0.85      0.87       991
        ECAT       0.86      0.86      0.86      1000
        GCAT       0.91      0.94      0.93      1030
        MCAT       0.88      0.89      0.88       979

   micro avg       0.89      0.89      0.89      4000
   macro avg       0.89      0.89      0.89      4000
weighted avg       0.89      0.89      0.89      4000

[[846  50  27  68]
 [ 35 856  57  52]
 [ 27  27 972   4]
 [ 36  61   8 874]]

EN-ZH, LinearSVC:
accuracy = 0.4538333333333333
              precision    recall  f1-score   support

        CCAT       0.94      0.36      0.52      1787
        ECAT       0.59      0.03      0.07      1801
        GCAT       0.95      0.31      0.46       565
        MCAT       0.37      1.00      0.54      1847

   micro avg       0.45      0.45      0.45      6000
   macro avg       0.71      0.42      0.40      6000
weighted avg       0.66      0.45      0.38      6000

[[ 645   16    3 1123]
 [  15   63    6 1717]
 [  19   26  173  347]
 [   4    1    0 1842]]

ZH-ZH, LinearSVC:
accuracy = 0.8635
              precision    recall  f1-score   support

        CCAT       0.86      0.84      0.85      1169
        ECAT       0.81      0.85      0.83      1215
        GCAT       0.85      0.81      0.83       363
        MCAT       0.92      0.91      0.92      1253

   micro avg       0.86      0.86      0.86      4000
   macro avg       0.86      0.85      0.86      4000
weighted avg       0.86      0.86      0.86      4000

[[ 980  123   17   49]
 [ 105 1035   31   44]
 [  24   45  293    1]
 [  29   73    5 1146]]

ZH-EN, LinearSVC:
accuracy = 0.5863333333333334
              precision    recall  f1-score   support

        CCAT       0.43      0.94      0.60      1489
        ECAT       0.95      0.01      0.03      1472
        GCAT       0.95      0.68      0.80      1548
        MCAT       0.63      0.69      0.66      1491

   micro avg       0.59      0.59      0.59      6000
   macro avg       0.74      0.58      0.52      6000
weighted avg       0.74      0.59      0.52      6000

[[1404    0    3   82]
 [1066   21   52  333]
 [ 304    1 1060  183]
 [ 456    0    2 1033]]

CreateEmbeddingMatrix...data/wiki.en.align.vec
load word vectors number:  100000
Words found in embedding: 9605/10233=0.9386
X_train static shape:  (1000, 400, 300)
X_test static shape:  (4000, 400, 300)
X_val static shape:  (1000, 400, 300)

CreateEmbeddingMatrix...data/wiki.zh.align.vec
load word vectors number:  100000
Words found in embedding: 4894/9477=0.5164
X_train static shape:  (1000, 400, 300)
X_test static shape:  (4000, 400, 300)
X_val static shape:  (1000, 400, 300)

Training/Testing Pair: EN-EN

Building CNN-static model...
Training accuracy: 
[0.7157, 0.7547, 0.7605, 0.773, 0.7848, 0.7947, 0.7978, 0.808, 0.8137, 0.8195, 0.8378, 0.852, 0.867, 0.8728, 0.8805, 0.8905, 0.8938, 0.8968, 0.9033, 0.9188, 0.9185, 0.9167, 0.913, 0.9227, 0.923, 0.9272, 0.9318, 0.937, 0.9353, 0.9325, 0.9353, 0.9413, 0.9427, 0.9393, 0.9427, 0.9452, 0.9427, 0.9468, 0.9475, 0.9483, 0.9445, 0.9475, 0.9495, 0.9513, 0.9563, 0.9482, 0.9495, 0.95, 0.953, 0.949]
Testing accuracy: 0.87925
              precision    recall  f1-score   support

        CCAT       0.86      0.86      0.86       991
        ECAT       0.81      0.91      0.86      1000
        GCAT       0.98      0.87      0.92      1030
        MCAT       0.87      0.89      0.88       979

   micro avg       0.88      0.88      0.88      4000
   macro avg       0.88      0.88      0.88      4000
weighted avg       0.88      0.88      0.88      4000

Confusion matrix:
 [[854  56   8  73]
 [ 44 905   8  43]
 [ 46  83 891  10]
 [ 44  68   0 867]]

Training/Testing Pair: EN-ZH

Building CNN-static model...
Training accuracy: 
[0.7105, 0.7558, 0.7588, 0.7722, 0.789, 0.804, 0.8118, 0.8188, 0.8405, 0.8475, 0.8662, 0.873, 0.883, 0.8922, 0.8993, 0.909, 0.9047, 0.9088, 0.9215, 0.9157, 0.9218, 0.9305, 0.9253, 0.939, 0.9322, 0.933, 0.9333, 0.94, 0.9367, 0.938, 0.944, 0.9472, 0.9417, 0.9425, 0.9483, 0.9467, 0.9447, 0.9447, 0.9395, 0.949, 0.9475, 0.9545, 0.9537, 0.9557, 0.9467, 0.9547, 0.9547, 0.9495, 0.956, 0.9543]
Testing accuracy: 0.51575
              precision    recall  f1-score   support

        CCAT       0.93      0.37      0.52      1169
        ECAT       0.47      0.31      0.37      1215
        GCAT       1.00      0.12      0.21       363
        MCAT       0.45      0.97      0.62      1253

   micro avg       0.52      0.52      0.52      4000
   macro avg       0.71      0.44      0.43      4000
weighted avg       0.65      0.52      0.48      4000

Confusion matrix:
 [[ 427  133    0  609]
 [  17  373    0  825]
 [  12  258   43   50]
 [   3   30    0 1220]]

Training/Testing Pair: ZH-ZH

Building CNN-static model...
Training accuracy: 
[0.7192, 0.744, 0.7545, 0.7585, 0.7625, 0.786, 0.8153, 0.8383, 0.8585, 0.8703, 0.8843, 0.888, 0.8885, 0.8925, 0.9012, 0.9068, 0.9105, 0.9073, 0.917, 0.9077, 0.912, 0.9213, 0.9217, 0.9237, 0.923, 0.9145, 0.927, 0.9235, 0.925, 0.9265, 0.9328, 0.9292, 0.9283, 0.9345, 0.9307, 0.9358, 0.9323, 0.9377, 0.9348, 0.9398, 0.9398, 0.9313, 0.941, 0.938, 0.9417, 0.937, 0.944, 0.9412, 0.9425, 0.9415]
Testing accuracy: 0.85425
              precision    recall  f1-score   support

        CCAT       0.86      0.82      0.84      1169
        ECAT       0.80      0.85      0.82      1215
        GCAT       0.73      0.87      0.79       363
        MCAT       0.96      0.89      0.92      1253

   micro avg       0.85      0.85      0.85      4000
   macro avg       0.84      0.86      0.84      4000
weighted avg       0.86      0.85      0.86      4000

Confusion matrix:
 [[ 955  144   53   17]
 [  97 1031   57   30]
 [  19   30  314    0]
 [  38   90    8 1117]]

Training/Testing Pair: ZH-EN

Building CNN-static model...
Training accuracy: 
[0.7175, 0.7522, 0.753, 0.7525, 0.7557, 0.761, 0.7825, 0.8127, 0.8375, 0.8592, 0.8767, 0.878, 0.885, 0.895, 0.893, 0.9015, 0.8985, 0.9057, 0.911, 0.9175, 0.912, 0.9143, 0.9192, 0.9227, 0.9198, 0.923, 0.921, 0.9277, 0.929, 0.9277, 0.9315, 0.9313, 0.927, 0.9363, 0.9315, 0.9325, 0.9343, 0.9313, 0.938, 0.9368, 0.9343, 0.9393, 0.9355, 0.94, 0.9323, 0.9477, 0.9365, 0.941, 0.9395, 0.9415]
Testing accuracy: 0.55775
              precision    recall  f1-score   support

        CCAT       0.72      0.65      0.69       991
        ECAT       0.56      0.69      0.62      1000
        GCAT       0.92      0.04      0.08      1030
        MCAT       0.46      0.87      0.61       979

   micro avg       0.56      0.56      0.56      4000
   macro avg       0.67      0.56      0.50      4000
weighted avg       0.67      0.56      0.49      4000

Confusion matrix:
 [[646 126   2 217]
 [130 686   2 182]
 [ 62 337  45 586]
 [ 54  71   0 854]]

Training/Testing Pair: EN-EN

Building CNN-non-static model...
Training accuracy: 
[0.6993, 0.7552, 0.7625, 0.7833, 0.8048, 0.8223, 0.8502, 0.8902, 0.9235, 0.9487, 0.9708, 0.9808, 0.9875, 0.989, 0.993, 0.9952, 0.9953, 0.9975, 0.9978, 0.999, 0.9972, 0.9985, 0.9975, 0.9978, 0.9985, 0.9992, 0.9985, 0.9982, 0.9982, 0.9988, 0.9998, 0.999, 0.9992, 0.9998, 0.9995, 0.9985, 0.9992, 0.9992, 0.9992, 0.9995, 0.999, 0.9992, 0.9992, 0.9992, 0.9988, 0.9997, 1.0, 1.0, 0.9998, 0.999]
Testing accuracy: 0.9045
              precision    recall  f1-score   support

        CCAT       0.89      0.88      0.88       991
        ECAT       0.88      0.88      0.88      1000
        GCAT       0.93      0.96      0.95      1030
        MCAT       0.92      0.89      0.90       979

   micro avg       0.90      0.90      0.90      4000
   macro avg       0.90      0.90      0.90      4000
weighted avg       0.90      0.90      0.90      4000

Confusion matrix:
 [[871  47  27  46]
 [ 42 883  42  33]
 [ 23  17 989   1]
 [ 47  55   2 875]]

Training/Testing Pair: EN-ZH

Building CNN-non-static model...
Training accuracy: 
[0.726, 0.7538, 0.7642, 0.7845, 0.807, 0.83, 0.8615, 0.8925, 0.9315, 0.9555, 0.97, 0.9785, 0.9855, 0.9885, 0.9912, 0.992, 0.997, 0.997, 0.9955, 0.9965, 0.996, 0.9972, 0.9967, 0.9982, 0.9982, 0.9982, 0.9975, 0.9982, 0.9988, 0.9985, 0.9992, 0.9992, 0.9982, 0.9992, 0.9985, 0.9998, 0.999, 0.9995, 0.9992, 0.998, 0.9988, 0.9998, 0.999, 0.9985, 0.9998, 0.9995, 0.9998, 1.0, 0.9995, 0.9998]
Testing accuracy: 0.5485
              precision    recall  f1-score   support

        CCAT       0.77      0.53      0.63      1169
        ECAT       0.66      0.08      0.15      1215
        GCAT       0.68      0.76      0.72       363
        MCAT       0.45      0.95      0.61      1253

   micro avg       0.55      0.55      0.55      4000
   macro avg       0.64      0.58      0.53      4000
weighted avg       0.63      0.55      0.49      4000

Confusion matrix:
 [[ 624    7   30  508]
 [ 113  103   90  909]
 [  33   33  277   20]
 [  38   13   12 1190]]

Training/Testing Pair: ZH-ZH

Building CNN-non-static model...
Training accuracy: 
[0.7207, 0.752, 0.7548, 0.7675, 0.8045, 0.8732, 0.916, 0.943, 0.9592, 0.9645, 0.9785, 0.9845, 0.988, 0.989, 0.991, 0.9938, 0.9938, 0.997, 0.9967, 0.996, 0.9975, 0.9975, 0.998, 0.9985, 0.9978, 0.998, 0.9988, 0.998, 0.9995, 0.9982, 0.9988, 0.9987, 0.9985, 0.9995, 0.9988, 0.999, 0.9995, 0.9998, 0.9982, 0.9995, 0.9992, 0.999, 1.0, 0.9992, 0.9998, 0.9998, 0.9995, 0.9995, 0.9995, 0.9998]
Testing accuracy: 0.88075
              precision    recall  f1-score   support

        CCAT       0.87      0.87      0.87      1169
        ECAT       0.81      0.91      0.86      1215
        GCAT       0.89      0.69      0.77       363
        MCAT       0.96      0.92      0.94      1253

   micro avg       0.88      0.88      0.88      4000
   macro avg       0.88      0.85      0.86      4000
weighted avg       0.88      0.88      0.88      4000

Confusion matrix:
 [[1020  105   23   21]
 [  88 1100    6   21]
 [  35   79  249    0]
 [  24   72    3 1154]]

Training/Testing Pair: ZH-EN

Building CNN-non-static model...
Training accuracy: 
[0.6897, 0.7545, 0.7558, 0.76, 0.7842, 0.8433, 0.8912, 0.9203, 0.9413, 0.9583, 0.9683, 0.9773, 0.984, 0.9875, 0.9908, 0.9905, 0.9948, 0.995, 0.9927, 0.9972, 0.997, 0.998, 0.9975, 0.997, 0.9975, 0.9977, 0.998, 0.9988, 0.998, 0.9988, 0.9982, 0.9975, 0.9997, 0.9985, 0.999, 0.9995, 0.9982, 0.999, 0.9982, 0.999, 1.0, 0.9992, 0.9988, 0.9998, 0.999, 0.9998, 0.9998, 0.999, 0.9998, 0.9998]
Testing accuracy: 0.492
              precision    recall  f1-score   support

        CCAT       0.76      0.53      0.62       991
        ECAT       0.44      0.86      0.58      1000
        GCAT       0.86      0.04      0.08      1030
        MCAT       0.42      0.55      0.47       979

   micro avg       0.49      0.49      0.49      4000
   macro avg       0.62      0.50      0.44      4000
weighted avg       0.62      0.49      0.44      4000

Confusion matrix:
 [[523 360   3 105]
 [ 60 863   3  74]
 [ 38 377  44 571]
 [ 64 376   1 538]]
[array([[846,  50,  27,  68],
       [ 35, 856,  57,  52],
       [ 27,  27, 972,   4],
       [ 36,  61,   8, 874]]), array([[ 645,   16,    3, 1123],
       [  15,   63,    6, 1717],
       [  19,   26,  173,  347],
       [   4,    1,    0, 1842]]), array([[ 980,  123,   17,   49],
       [ 105, 1035,   31,   44],
       [  24,   45,  293,    1],
       [  29,   73,    5, 1146]]), array([[1404,    0,    3,   82],
       [1066,   21,   52,  333],
       [ 304,    1, 1060,  183],
       [ 456,    0,    2, 1033]]), array([[854,  56,   8,  73],
       [ 44, 905,   8,  43],
       [ 46,  83, 891,  10],
       [ 44,  68,   0, 867]]), array([[ 427,  133,    0,  609],
       [  17,  373,    0,  825],
       [  12,  258,   43,   50],
       [   3,   30,    0, 1220]]), array([[ 955,  144,   53,   17],
       [  97, 1031,   57,   30],
       [  19,   30,  314,    0],
       [  38,   90,    8, 1117]]), array([[646, 126,   2, 217],
       [130, 686,   2, 182],
       [ 62, 337,  45, 586],
       [ 54,  71,   0, 854]]), array([[871,  47,  27,  46],
       [ 42, 883,  42,  33],
       [ 23,  17, 989,   1],
       [ 47,  55,   2, 875]]), array([[ 624,    7,   30,  508],
       [ 113,  103,   90,  909],
       [  33,   33,  277,   20],
       [  38,   13,   12, 1190]]), array([[1020,  105,   23,   21],
       [  88, 1100,    6,   21],
       [  35,   79,  249,    0],
       [  24,   72,    3, 1154]]), array([[523, 360,   3, 105],
       [ 60, 863,   3,  74],
       [ 38, 377,  44, 571],
       [ 64, 376,   1, 538]])]
==========================Main Takes(s):  2698.408469 ==========================
