loadMidOutput...
CreateEmbeddingMatrix...data/wiki.en.align.vec
loading file size:  100000
X_train static shape:  (1000, 400, 50)
X_test static shape:  (4000, 400, 50)
X_val static shape:  (1000, 400, 50)
CreateEmbeddingMatrix...data/wiki.zh.align.vec
loading file size:  100000
X_train static shape:  (1000, 400, 50)
X_test static shape:  (4000, 400, 50)
X_val static shape:  (1000, 400, 50)
Building CNN-static model...
Calculating EN-EN accuracy (CNN-static):
Training accuracy: 
[0.7188, 0.753, 0.754, 0.7562, 0.7593, 0.7708, 0.7743, 0.7877, 0.7832, 0.787, 0.7907, 0.7948, 0.7958, 0.7963, 0.7975, 0.8075, 0.8008, 0.8067, 0.8113, 0.8095, 0.8123, 0.8255, 0.8237, 0.8295, 0.8293, 0.8312, 0.8435, 0.8365, 0.8423, 0.8535, 0.8508, 0.8485, 0.8515, 0.853, 0.8538, 0.8625, 0.862, 0.8648, 0.8657, 0.8592, 0.8647, 0.8622, 0.8567, 0.8742, 0.862, 0.8682, 0.8725, 0.8612, 0.876, 0.8765]
Validation accuracy: 
[0.75, 0.7517, 0.754, 0.759, 0.7598, 0.7638, 0.7695, 0.7617, 0.7782, 0.7795, 0.7855, 0.7777, 0.7838, 0.788, 0.7885, 0.7918, 0.7933, 0.7953, 0.7953, 0.8003, 0.8035, 0.806, 0.8105, 0.8197, 0.825, 0.8355, 0.8335, 0.8425, 0.8498, 0.8437, 0.8513, 0.8558, 0.8582, 0.8638, 0.8535, 0.87, 0.8568, 0.8695, 0.8705, 0.8715, 0.8715, 0.868, 0.8737, 0.87, 0.8855, 0.8755, 0.8745, 0.8845, 0.8832, 0.876]
Testing accuracy:  0.885125
Confusion matrix:
[[594 172  30 195]
 [ 39 847  24  90]
 [ 40  98 854  38]
 [ 46 156   5 772]]
Calculating EN-ZH accuracy (CNN-static):
Training accuracy: 
[0.8775, 0.874, 0.8768, 0.8772, 0.8732, 0.8768, 0.8785, 0.876, 0.8708, 0.8745, 0.875, 0.8757, 0.8768, 0.8827, 0.881, 0.878, 0.8733, 0.8813, 0.8895, 0.877, 0.8868, 0.8815, 0.8865, 0.8865, 0.8875, 0.885, 0.8835, 0.8877, 0.8917, 0.8885, 0.877, 0.885, 0.8837, 0.8858, 0.8865, 0.8895, 0.8897, 0.889, 0.886, 0.8893, 0.883, 0.8798, 0.8927, 0.8957, 0.884, 0.8958, 0.8805, 0.8912, 0.891, 0.887]
Validation accuracy: 
[0.8832, 0.8788, 0.881, 0.88, 0.8882, 0.8828, 0.8885, 0.8837, 0.8812, 0.8898, 0.8807, 0.8817, 0.8865, 0.8927, 0.885, 0.8775, 0.886, 0.881, 0.8895, 0.893, 0.882, 0.8912, 0.8888, 0.8857, 0.8835, 0.8945, 0.8875, 0.897, 0.8903, 0.8875, 0.8965, 0.8892, 0.8965, 0.8902, 0.9002, 0.8998, 0.8942, 0.8902, 0.8865, 0.8945, 0.897, 0.8967, 0.8952, 0.895, 0.894, 0.8938, 0.8978, 0.893, 0.893, 0.8965]
Testing accuracy:  0.695625
Confusion matrix:
[[ 178   20    2  969]
 [   6   46    0 1163]
 [   3   76   26  258]
 [   4   14    0 1235]]
Calculating ZH-ZH accuracy (CNN-static):
Training accuracy: 
[0.7512, 0.791, 0.8117, 0.8153, 0.8222, 0.8435, 0.831, 0.841, 0.8475, 0.8377, 0.8505, 0.8413, 0.8518, 0.8535, 0.8508, 0.8568, 0.8668, 0.8648, 0.857, 0.8672, 0.8692, 0.8647, 0.8647, 0.8738, 0.8792, 0.871, 0.8772, 0.8715, 0.8787, 0.8755, 0.876, 0.8782, 0.8777, 0.8813, 0.8738, 0.877, 0.891, 0.8815, 0.8833, 0.8807, 0.8865, 0.8853, 0.8875, 0.8828, 0.8888, 0.89, 0.8935, 0.8848, 0.8875, 0.8958]
Validation accuracy: 
[0.7662, 0.8275, 0.824, 0.8443, 0.8487, 0.8608, 0.8702, 0.8715, 0.8775, 0.8775, 0.881, 0.8845, 0.8742, 0.887, 0.889, 0.8875, 0.8895, 0.8942, 0.8958, 0.8892, 0.8962, 0.8947, 0.8972, 0.8945, 0.8955, 0.8963, 0.9008, 0.897, 0.8993, 0.9022, 0.8982, 0.899, 0.8942, 0.9035, 0.9, 0.9002, 0.9025, 0.898, 0.9003, 0.8993, 0.9035, 0.9063, 0.9025, 0.8963, 0.9045, 0.9025, 0.9048, 0.9063, 0.9073, 0.9058]
Testing accuracy:  0.912875
Confusion matrix:
[[ 898  210   23   38]
 [  75 1055   26   59]
 [  23  126  211    3]
 [  31  134    1 1087]]
Calculating ZH-EN accuracy (CNN-static):
Training accuracy: 
[0.894, 0.8902, 0.8877, 0.8855, 0.8863, 0.8917, 0.8922, 0.8875, 0.901, 0.9008, 0.8865, 0.8975, 0.8995, 0.8953, 0.893, 0.895, 0.9008, 0.8918, 0.888, 0.8972, 0.8975, 0.899, 0.8993, 0.8997, 0.8997, 0.891, 0.9038, 0.9035, 0.8972, 0.8985, 0.893, 0.907, 0.8995, 0.9015, 0.8997, 0.9047, 0.8977, 0.8995, 0.8975, 0.8932, 0.9042, 0.91, 0.9002, 0.9007, 0.9035, 0.905, 0.9045, 0.9077, 0.909, 0.9143]
Validation accuracy: 
[0.9042, 0.909, 0.9002, 0.906, 0.9015, 0.9115, 0.9113, 0.9042, 0.909, 0.9052, 0.9095, 0.9052, 0.9105, 0.903, 0.9065, 0.9065, 0.9107, 0.9045, 0.9133, 0.9065, 0.9012, 0.9107, 0.9035, 0.9077, 0.9043, 0.9045, 0.9085, 0.906, 0.9075, 0.9098, 0.9073, 0.9062, 0.9068, 0.9102, 0.9035, 0.9072, 0.9105, 0.9078, 0.9075, 0.9067, 0.9123, 0.9103, 0.9095, 0.9102, 0.9087, 0.9145, 0.912, 0.9125, 0.9095, 0.9093]
Testing accuracy:  0.76925
Confusion matrix:
[[297 425  15 254]
 [ 12 883   4 101]
 [  7 258 186 579]
 [ 10 249   0 720]]
Building CNN-non-static model...
Calculating EN-EN accuracy (CNN-non-static):
Training accuracy: 
[0.7083, 0.752, 0.7587, 0.764, 0.771, 0.7903, 0.808, 0.824, 0.8325, 0.8545, 0.877, 0.9053, 0.917, 0.9445, 0.9585, 0.9608, 0.967, 0.9818, 0.9868, 0.9843, 0.9892, 0.9898, 0.9898, 0.9922, 0.9917, 0.995, 0.997, 0.9955, 0.9965, 0.9967, 0.995, 0.9962, 0.9975, 0.9972, 0.996, 0.9978, 0.9975, 0.999, 0.998, 0.9982, 0.998, 0.9975, 0.9982, 0.9972, 0.9972, 0.9985, 0.9988, 0.9982, 0.9998, 0.998]
Validation accuracy: 
[0.75, 0.7537, 0.7558, 0.766, 0.778, 0.7888, 0.8017, 0.8107, 0.8173, 0.838, 0.8507, 0.8712, 0.8883, 0.9008, 0.916, 0.9173, 0.9238, 0.9277, 0.9312, 0.9312, 0.9318, 0.9333, 0.9342, 0.9363, 0.9373, 0.94, 0.9388, 0.9385, 0.936, 0.939, 0.937, 0.9388, 0.9375, 0.9395, 0.9375, 0.939, 0.941, 0.9383, 0.9393, 0.9398, 0.9413, 0.939, 0.9393, 0.9413, 0.942, 0.941, 0.9417, 0.941, 0.942, 0.9412]
Testing accuracy:  0.938125
Confusion matrix:
[[843  38  40  70]
 [ 52 816  81  51]
 [ 35  33 961   1]
 [ 48  52   1 878]]
Building CNN-non-static model...
Calculating EN-ZH accuracy (CNN-non-static):
Training accuracy: 
[0.7228, 0.7515, 0.7543, 0.7585, 0.7655, 0.78, 0.7945, 0.816, 0.845, 0.876, 0.8947, 0.925, 0.9425, 0.9597, 0.969, 0.9788, 0.9755, 0.9843, 0.9892, 0.9902, 0.992, 0.9892, 0.9932, 0.996, 0.9972, 0.9947, 0.9967, 0.9968, 0.996, 0.9978, 0.9965, 0.9978, 0.9975, 0.9978, 0.998, 0.9988, 0.9982, 0.9965, 0.9988, 0.9968, 0.9982, 0.9985, 0.9978, 0.998, 0.9982, 0.9995, 0.9982, 0.9982, 0.9988, 0.9985]
Validation accuracy: 
[0.75, 0.7515, 0.7555, 0.7608, 0.7688, 0.7812, 0.7955, 0.8208, 0.8468, 0.8655, 0.8807, 0.9133, 0.9305, 0.9315, 0.9325, 0.937, 0.9403, 0.943, 0.9415, 0.944, 0.9425, 0.9417, 0.9445, 0.9455, 0.9443, 0.9483, 0.946, 0.9478, 0.9485, 0.9482, 0.947, 0.9473, 0.9475, 0.9483, 0.9495, 0.9465, 0.9513, 0.947, 0.9502, 0.9477, 0.952, 0.949, 0.949, 0.9465, 0.9507, 0.95, 0.9518, 0.948, 0.9478, 0.9475]
Testing accuracy:  0.73325
Confusion matrix:
[[ 418    2    4  745]
 [  51   25   17 1122]
 [  71   22   83  187]
 [  36    5    1 1211]]
Building CNN-non-static model...
Calculating ZH-ZH accuracy (CNN-non-static):
Training accuracy: 
[0.7183, 0.752, 0.754, 0.7585, 0.7685, 0.8055, 0.8427, 0.8805, 0.8983, 0.9143, 0.9317, 0.9497, 0.9488, 0.9648, 0.9675, 0.9733, 0.9798, 0.9852, 0.984, 0.9838, 0.9898, 0.9885, 0.9902, 0.9907, 0.9907, 0.9932, 0.9962, 0.996, 0.996, 0.9952, 0.9948, 0.9958, 0.9955, 0.9958, 0.997, 0.9965, 0.9948, 0.9972, 0.9972, 0.9972, 0.9992, 0.998, 0.9975, 0.9988, 0.9972, 0.999, 0.9985, 0.9982, 0.9988, 0.9975]
Validation accuracy: 
[0.75, 0.7583, 0.761, 0.7658, 0.7773, 0.8293, 0.8628, 0.8795, 0.8895, 0.8942, 0.9012, 0.9123, 0.9187, 0.9197, 0.923, 0.922, 0.921, 0.9213, 0.9227, 0.921, 0.921, 0.9217, 0.9213, 0.9207, 0.92, 0.9242, 0.9215, 0.9208, 0.922, 0.9235, 0.9215, 0.9225, 0.9227, 0.924, 0.9242, 0.9203, 0.919, 0.9242, 0.928, 0.9237, 0.9245, 0.9232, 0.923, 0.9225, 0.9227, 0.929, 0.926, 0.9275, 0.926, 0.923]
Testing accuracy:  0.93125
Confusion matrix:
[[ 999  117   38   15]
 [  84 1099   15   17]
 [  42  109  208    4]
 [  22   84    7 1140]]
Building CNN-non-static model...
Calculating ZH-EN accuracy (CNN-non-static):
Training accuracy: 
[0.7228, 0.7503, 0.7542, 0.7572, 0.7652, 0.7818, 0.8165, 0.858, 0.8825, 0.9025, 0.9287, 0.9352, 0.9447, 0.959, 0.966, 0.9725, 0.9695, 0.9802, 0.9847, 0.9862, 0.9855, 0.9862, 0.9897, 0.988, 0.9905, 0.993, 0.9915, 0.9915, 0.9915, 0.9963, 0.9948, 0.996, 0.996, 0.9965, 0.997, 0.9958, 0.9965, 0.9967, 0.9972, 0.9968, 0.9968, 0.9985, 0.999, 0.9985, 0.9988, 0.9988, 0.9978, 0.9978, 0.9965, 0.998]
Validation accuracy: 
[0.75, 0.7545, 0.7607, 0.7625, 0.7692, 0.803, 0.838, 0.8582, 0.8785, 0.8985, 0.913, 0.9127, 0.9178, 0.9212, 0.9195, 0.9227, 0.9237, 0.916, 0.923, 0.9215, 0.9222, 0.925, 0.9225, 0.9223, 0.9202, 0.9272, 0.9247, 0.922, 0.927, 0.9293, 0.9265, 0.925, 0.926, 0.927, 0.9285, 0.927, 0.9245, 0.924, 0.9285, 0.9263, 0.9275, 0.9262, 0.9277, 0.9265, 0.9257, 0.9253, 0.9268, 0.9255, 0.924, 0.9245]
Testing accuracy:  0.654875
Confusion matrix:
[[ 56 766 143  26]
 [  1 908  89   2]
 [  3 661 118 248]
 [  2 806  66 105]]
